20:38:45.194 INFO  manager.ApplicationManager - All tests rus in Chrom Browser
20:38:45.864 INFO  manager.WDListener - url -->https://telranedu.web.app/home
20:38:48.599 INFO  manager.ApplicationManager - The link --->https://telranedu.web.app/home
20:38:48.621 INFO  manager.TestNGListener - start test -->Wed Mar 05 20:38:48 IST 2025
20:38:48.643 INFO  tests.TestBase - Name of method--->loginSuccess
20:38:53.663 INFO  tests.TestBase - Before method finished logout
20:38:53.667 INFO  manager.TestNGListener - start test -->loginSuccess
20:38:53.669 INFO  tests.TestBase - Start test with name 'loginSuccess'
20:38:53.742 INFO  manager.WDListener - Before click element-->a text = LOGIN
20:38:53.911 INFO  manager.WDListener - After click element-->(922, 33) text = LOGIN
20:38:53.911 INFO  manager.HelperBase - Open form by click on button with locator 'By.cssSelector("a[href='/login']")' 
20:38:53.963 INFO  manager.WDListener - Before click element-->input text = 
20:38:54.091 INFO  manager.WDListener - After click element-->(317, 250) text = 
20:38:54.091 INFO  manager.WDListener - clear element -->[[ChromeDriver: chrome on windows (2bec7a8679e3cbd801b5c9c61722b3c1)] -> name: email]
20:38:54.165 INFO  manager.WDListener - sendKys-->input
20:38:54.204 INFO  manager.WDListener - sendKys-->input
20:38:54.254 INFO  manager.WDListener - sendKys-->input
20:38:54.254 INFO  manager.HelperBase - Type in input with locator 'By.name("email")' 
20:38:59.298 INFO  manager.WDListener - Huston we have a problem!
20:38:59.298 INFO  manager.WDListener - Object target--->ChromeDriver: chrome on windows (2bec7a8679e3cbd801b5c9c61722b3c1)
20:38:59.298 INFO  manager.WDListener - *******************
20:38:59.299 INFO  manager.WDListener - Method name--->findElement
20:38:59.299 INFO  manager.WDListener - *******************
20:38:59.300 INFO  manager.WDListener - InvocationTargetExceptionorg.openqa.selenium.NoSuchElementException: no such element: Unable to locate element: {"method":"xpath","selector":"//input[la]"}
  (Session info: chrome=133.0.6943.142)
For documentation on this error, please visit: https://www.selenium.dev/documentation/webdriver/troubleshooting/errors#no-such-element-exception
Build info: version: '4.16.1', revision: '9b4c83354e'
System info: os.name: 'Windows 11', os.arch: 'amd64', os.version: '10.0', java.version: '11.0.21'
Driver info: org.openqa.selenium.chrome.ChromeDriver
Command: [2bec7a8679e3cbd801b5c9c61722b3c1, findElement {using=xpath, value=//input[la]}]
Capabilities {acceptInsecureCerts: false, browserName: chrome, browserVersion: 133.0.6943.142, chrome: {chromedriverVersion: 132.0.6834.83 (03d59cf5ecf1..., userDataDir: C:\Users\marii\AppData\Loca...}, fedcm:accounts: true, goog:chromeOptions: {debuggerAddress: localhost:63597}, networkConnectionEnabled: false, pageLoadStrategy: normal, platformName: windows, proxy: Proxy(), se:cdp: ws://localhost:63597/devtoo..., se:cdpVersion: 133.0.6943.142, setWindowRect: true, strictFileInteractability: false, timeouts: {implicit: 0, pageLoad: 300000, script: 30000}, unhandledPromptBehavior: dismiss and notify, webauthn:extension:credBlob: true, webauthn:extension:largeBlob: true, webauthn:extension:minPinLength: true, webauthn:extension:prf: true, webauthn:virtualAuthenticators: true}
Session ID: 2bec7a8679e3cbd801b5c9c61722b3c1
20:38:59.301 INFO  manager.WDListener - *******************
20:38:59.302 INFO  manager.WDListener - Screen with error is--->src/test/screenshots/screen_1349.png
20:38:59.451 INFO  manager.TestNGListener - start test -->loginSuccess
20:38:59.452 INFO  tests.TestBase - Name of method--->loginSuccess
20:39:04.498 INFO  tests.TestBase - Before method finished logout
20:39:04.498 INFO  manager.TestNGListener - start test -->loginSuccess
20:39:04.499 INFO  tests.TestBase - Start test with name 'loginSuccess'
20:39:04.558 INFO  manager.WDListener - Before click element-->a text = LOGIN
20:39:04.684 INFO  manager.WDListener - After click element-->(922, 33) text = LOGIN
20:39:04.684 INFO  manager.HelperBase - Open form by click on button with locator 'By.cssSelector("a[href='/login']")' 
20:39:04.725 INFO  manager.WDListener - Before click element-->input text = 
20:39:04.818 INFO  manager.WDListener - After click element-->(317, 250) text = 
20:39:04.819 INFO  manager.WDListener - clear element -->[[ChromeDriver: chrome on windows (2bec7a8679e3cbd801b5c9c61722b3c1)] -> name: email]
20:39:04.906 INFO  manager.WDListener - sendKys-->input
20:39:04.945 INFO  manager.WDListener - sendKys-->input
20:39:05.013 INFO  manager.WDListener - sendKys-->input
20:39:05.014 INFO  manager.HelperBase - Type in input with locator 'By.name("email")' 
20:39:10.065 INFO  manager.WDListener - Huston we have a problem!
20:39:10.066 INFO  manager.WDListener - Object target--->ChromeDriver: chrome on windows (2bec7a8679e3cbd801b5c9c61722b3c1)
20:39:10.067 INFO  manager.WDListener - *******************
20:39:10.067 INFO  manager.WDListener - Method name--->findElement
20:39:10.067 INFO  manager.WDListener - *******************
20:39:10.067 INFO  manager.WDListener - InvocationTargetExceptionorg.openqa.selenium.NoSuchElementException: no such element: Unable to locate element: {"method":"xpath","selector":"//input[la]"}
  (Session info: chrome=133.0.6943.142)
For documentation on this error, please visit: https://www.selenium.dev/documentation/webdriver/troubleshooting/errors#no-such-element-exception
Build info: version: '4.16.1', revision: '9b4c83354e'
System info: os.name: 'Windows 11', os.arch: 'amd64', os.version: '10.0', java.version: '11.0.21'
Driver info: org.openqa.selenium.chrome.ChromeDriver
Command: [2bec7a8679e3cbd801b5c9c61722b3c1, findElement {using=xpath, value=//input[la]}]
Capabilities {acceptInsecureCerts: false, browserName: chrome, browserVersion: 133.0.6943.142, chrome: {chromedriverVersion: 132.0.6834.83 (03d59cf5ecf1..., userDataDir: C:\Users\marii\AppData\Loca...}, fedcm:accounts: true, goog:chromeOptions: {debuggerAddress: localhost:63597}, networkConnectionEnabled: false, pageLoadStrategy: normal, platformName: windows, proxy: Proxy(), se:cdp: ws://localhost:63597/devtoo..., se:cdpVersion: 133.0.6943.142, setWindowRect: true, strictFileInteractability: false, timeouts: {implicit: 0, pageLoad: 300000, script: 30000}, unhandledPromptBehavior: dismiss and notify, webauthn:extension:credBlob: true, webauthn:extension:largeBlob: true, webauthn:extension:minPinLength: true, webauthn:extension:prf: true, webauthn:virtualAuthenticators: true}
Session ID: 2bec7a8679e3cbd801b5c9c61722b3c1
20:39:10.068 INFO  manager.WDListener - *******************
20:39:10.069 INFO  manager.WDListener - Screen with error is--->src/test/screenshots/screen_1082.png
20:39:10.346 INFO  manager.TestNGListener - start test -->loginSuccess
20:39:10.347 INFO  tests.TestBase - Name of method--->loginSuccess
20:39:12.469 INFO  manager.WDListener - Huston we have a problem!
20:39:12.470 INFO  manager.WDListener - Object target--->ChromeDriver: chrome on windows (2bec7a8679e3cbd801b5c9c61722b3c1)
20:39:12.470 INFO  manager.WDListener - *******************
20:39:12.470 INFO  manager.WDListener - Method name--->findElements
20:39:12.470 INFO  manager.WDListener - *******************
20:39:12.470 INFO  manager.WDListener - InvocationTargetExceptionorg.openqa.selenium.NoSuchSessionException: invalid session id: session deleted as the browser has closed the connection
from disconnected: unable to send message to renderer
  (Session info: chrome=133.0.6943.142)
Build info: version: '4.16.1', revision: '9b4c83354e'
System info: os.name: 'Windows 11', os.arch: 'amd64', os.version: '10.0', java.version: '11.0.21'
Driver info: org.openqa.selenium.chrome.ChromeDriver
Command: [2bec7a8679e3cbd801b5c9c61722b3c1, findElements {using=xpath, value=//button[text() = 'Sign Out']}]
Capabilities {acceptInsecureCerts: false, browserName: chrome, browserVersion: 133.0.6943.142, chrome: {chromedriverVersion: 132.0.6834.83 (03d59cf5ecf1..., userDataDir: C:\Users\marii\AppData\Loca...}, fedcm:accounts: true, goog:chromeOptions: {debuggerAddress: localhost:63597}, networkConnectionEnabled: false, pageLoadStrategy: normal, platformName: windows, proxy: Proxy(), se:cdp: ws://localhost:63597/devtoo..., se:cdpVersion: 133.0.6943.142, setWindowRect: true, strictFileInteractability: false, timeouts: {implicit: 0, pageLoad: 300000, script: 30000}, unhandledPromptBehavior: dismiss and notify, webauthn:extension:credBlob: true, webauthn:extension:largeBlob: true, webauthn:extension:minPinLength: true, webauthn:extension:prf: true, webauthn:virtualAuthenticators: true}
Session ID: 2bec7a8679e3cbd801b5c9c61722b3c1
20:39:12.471 INFO  manager.WDListener - *******************
20:39:12.473 INFO  manager.WDListener - Screen with error is--->src/test/screenshots/screen_1153.png
20:39:12.823 INFO  manager.TestNGListener - start test -->loginSuccess
20:39:12.826 INFO  manager.TestNGListener - start test -->loginSuccess
20:39:12.830 INFO  manager.TestNGListener - end test -->Wed Mar 05 20:39:12 IST 2025
